greymatter:2015-12-26 16:53:11,499:DEBUG:aobd.elm327:140682529167104:opening serial port /dev/rfcomm0
greymatter:2015-12-26 16:53:11,500:DEBUG:aobd.elm327:140682529167104:started to watch serial port file descriptior 10
greymatter:2015-12-26 16:53:11,500:DEBUG:aobd.elm327:140682529167104:sending: b'ATZ\r\n'
greymatter:2015-12-26 16:53:15,387:DEBUG:aobd.elm327:140682529167104:data sent
greymatter:2015-12-26 16:53:15,495:DEBUG:aobd.elm327:140682529167104:received: b'A'
greymatter:2015-12-26 16:53:15,527:DEBUG:aobd.elm327:140682529167104:received: b'TZ\r'
greymatter:2015-12-26 16:53:16,294:DEBUG:aobd.elm327:140682529167104:received: b'\r'
greymatter:2015-12-26 16:53:16,296:DEBUG:aobd.elm327:140682529167104:received: b'\rELM327 v1.4\r\r>'
greymatter:2015-12-26 16:53:16,296:DEBUG:aobd.elm327:140682529167104:sending: b'ATE0\r\n'
greymatter:2015-12-26 16:53:16,297:DEBUG:aobd.elm327:140682529167104:data sent
greymatter:2015-12-26 16:53:16,357:DEBUG:aobd.elm327:140682529167104:received: b'ATE'
greymatter:2015-12-26 16:53:16,358:DEBUG:aobd.elm327:140682529167104:received: b'0\rOK\r\r>'
greymatter:2015-12-26 16:53:16,359:DEBUG:aobd.elm327:140682529167104:sending: b'ATH1\r\n'
greymatter:2015-12-26 16:53:16,359:DEBUG:aobd.elm327:140682529167104:data sent
greymatter:2015-12-26 16:53:16,395:DEBUG:aobd.elm327:140682529167104:received: b'O'
greymatter:2015-12-26 16:53:16,397:DEBUG:aobd.elm327:140682529167104:received: b'K\r\r>'
greymatter:2015-12-26 16:53:16,398:DEBUG:aobd.elm327:140682529167104:sending: b'ATL0\r\n'
greymatter:2015-12-26 16:53:16,398:DEBUG:aobd.elm327:140682529167104:data sent
greymatter:2015-12-26 16:53:16,434:DEBUG:aobd.elm327:140682529167104:received: b'OK\r\r>'
greymatter:2015-12-26 16:53:16,435:DEBUG:aobd.elm327:140682529167104:sending: b'ATSPA8\r\n'
greymatter:2015-12-26 16:53:16,435:DEBUG:aobd.elm327:140682529167104:data sent
greymatter:2015-12-26 16:53:16,471:DEBUG:aobd.elm327:140682529167104:received: b'OK\r\r'
greymatter:2015-12-26 16:53:16,504:DEBUG:aobd.elm327:140682529167104:received: b'>'
greymatter:2015-12-26 16:53:16,504:DEBUG:aobd.elm327:140682529167104:sending: b'0100\r\n'
greymatter:2015-12-26 16:53:16,505:DEBUG:aobd.elm327:140682529167104:data sent
greymatter:2015-12-26 16:53:16,540:DEBUG:aobd.elm327:140682529167104:received: b'S'
greymatter:2015-12-26 16:53:16,541:DEBUG:aobd.elm327:140682529167104:received: b'EARCHIN'
greymatter:2015-12-26 16:53:16,542:DEBUG:aobd.elm327:140682529167104:received: b'G...\r'
greymatter:2015-12-26 16:53:21,763:DEBUG:aobd.elm327:140682529167104:received: b'4'
greymatter:2015-12-26 16:53:21,765:DEBUG:aobd.elm327:140682529167104:received: b'8 6B 11 41 00 BE 3E B8 10 '
greymatter:2015-12-26 16:53:21,766:DEBUG:aobd.elm327:140682529167104:received: b'C9 \r'
greymatter:2015-12-26 16:53:21,916:DEBUG:aobd.elm327:140682529167104:received: b'\r'
greymatter:2015-12-26 16:53:21,949:DEBUG:aobd.elm327:140682529167104:received: b'>'
greymatter:2015-12-26 16:53:21,949:DEBUG:aobd.elm327:140682529167104:sending: b'ATDPN\r\n'
greymatter:2015-12-26 16:53:21,950:DEBUG:aobd.elm327:140682529167104:data sent
greymatter:2015-12-26 16:53:21,985:DEBUG:aobd.elm327:140682529167104:received: b'A3\r\r>'
greymatter:2015-12-26 16:53:21,985:INFO:aobd.elm327:140682529167104:protocol id: 3
greymatter:2015-12-26 16:53:21,986:DEBUG:aobd.elm327:140682529167104:Connection successful
greymatter:2015-12-26 16:53:21,987:DEBUG:aobd.elm327:140682529167104:sending: b'0100\r\n'
greymatter:2015-12-26 16:53:21,988:DEBUG:aobd.elm327:140682529167104:data sent
greymatter:2015-12-26 16:53:22,155:DEBUG:aobd.elm327:140682529167104:received: b'48'
greymatter:2015-12-26 16:53:22,157:DEBUG:aobd.elm327:140682529167104:received: b' 6B 11 41 00 BE 3E B8 10 '
greymatter:2015-12-26 16:53:22,190:DEBUG:aobd.elm327:140682529167104:received: b'C9 \r'
greymatter:2015-12-26 16:53:22,387:DEBUG:aobd.elm327:140682529167104:received: b'\r'
greymatter:2015-12-26 16:53:22,389:DEBUG:aobd.elm327:140682529167104:received: b'>'
greymatter:2015-12-26 16:53:22,392:DEBUG:aobd.elm327:140682529167104:sending: b'010C\r\n'
greymatter:2015-12-26 16:53:22,393:DEBUG:aobd.elm327:140682529167104:data sent
greymatter:2015-12-26 16:53:22,547:DEBUG:aobd.elm327:140682529167104:received: b'4'
greymatter:2015-12-26 16:53:22,553:DEBUG:aobd.elm327:140682529167104:received: b'8 6B 11 41 0C 0E 84 '
greymatter:2015-12-26 16:53:22,586:DEBUG:aobd.elm327:140682529167104:received: b'A3 \r'
greymatter:2015-12-26 16:53:22,779:DEBUG:aobd.elm327:140682529167104:received: b'\r>'
greymatter:2015-12-26 16:53:22,780:DEBUG:aobd.elm327:140682529167104:sending: b'0111\r\n'
greymatter:2015-12-26 16:53:22,780:DEBUG:aobd.elm327:140682529167104:data sent
greymatter:2015-12-26 16:53:22,936:DEBUG:aobd.elm327:140682529167104:received: b'48 6'
greymatter:2015-12-26 16:53:22,938:DEBUG:aobd.elm327:140682529167104:received: b'B 11 41 11 19 '
greymatter:2015-12-26 16:53:22,972:DEBUG:aobd.elm327:140682529167104:received: b'2F \r'
greymatter:2015-12-26 16:53:23,168:DEBUG:aobd.elm327:140682529167104:received: b'\r'
greymatter:2015-12-26 16:53:23,170:DEBUG:aobd.elm327:140682529167104:received: b'>'
greymatter:2015-12-26 16:53:23,171:DEBUG:aobd.elm327:140682529167104:sending: b'010C\r\n'
greymatter:2015-12-26 16:53:23,171:DEBUG:aobd.elm327:140682529167104:data sent
greymatter:2015-12-26 16:53:23,325:DEBUG:aobd.elm327:140682529167104:received: b'4'
greymatter:2015-12-26 16:53:23,332:DEBUG:aobd.elm327:140682529167104:received: b'8 6B 11 41 0C 0E 87 '
greymatter:2015-12-26 16:53:23,365:DEBUG:aobd.elm327:140682529167104:received: b'A6 \r'
greymatter:2015-12-26 16:53:23,491:DEBUG:aobd.elm327:140682529167104:received: b'\r'
greymatter:2015-12-26 16:53:23,492:DEBUG:aobd.elm327:140682529167104:received: b'>'
greymatter:2015-12-26 16:53:23,494:DEBUG:aobd.elm327:140682529167104:sending: b'0111\r\n'
greymatter:2015-12-26 16:53:23,494:DEBUG:aobd.elm327:140682529167104:data sent
greymatter:2015-12-26 16:53:23,641:DEBUG:aobd.elm327:140682529167104:received: b'4'
greymatter:2015-12-26 16:53:23,674:DEBUG:aobd.elm327:140682529167104:received: b'8 6B 11 41 11 19 '
greymatter:2015-12-26 16:53:23,677:DEBUG:aobd.elm327:140682529167104:received: b'2F \r'
greymatter:2015-12-26 16:53:23,805:DEBUG:aobd.elm327:140682529167104:received: b'\r>'
greymatter:2015-12-26 16:53:23,806:DEBUG:aobd.elm327:140682529167104:sending: b'010C\r\n'
greymatter:2015-12-26 16:53:23,807:DEBUG:aobd.elm327:140682529167104:data sent
greymatter:2015-12-26 16:53:23,959:DEBUG:aobd.elm327:140682529167104:received: b'4'
greymatter:2015-12-26 16:53:23,991:DEBUG:aobd.elm327:140682529167104:received: b'8 6B 11 41 0C 0E 8E '
greymatter:2015-12-26 16:53:23,994:DEBUG:aobd.elm327:140682529167104:received: b'AD \r'
greymatter:2015-12-26 16:53:24,121:DEBUG:aobd.elm327:140682529167104:received: b'\r>'
greymatter:2015-12-26 16:53:24,122:DEBUG:aobd.elm327:140682529167104:sending: b'0111\r\n'
greymatter:2015-12-26 16:53:24,123:DEBUG:aobd.elm327:140682529167104:data sent
greymatter:2015-12-26 16:53:24,294:DEBUG:aobd.elm327:140682529167104:received: b'4'
greymatter:2015-12-26 16:53:24,295:DEBUG:aobd.elm327:140682529167104:received: b'8 6B 11 41 11 19 '
greymatter:2015-12-26 16:53:24,329:DEBUG:aobd.elm327:140682529167104:received: b'2F \r'
greymatter:2015-12-26 16:53:24,456:DEBUG:aobd.elm327:140682529167104:received: b'\r'
greymatter:2015-12-26 16:53:24,457:DEBUG:aobd.elm327:140682529167104:received: b'>'
greymatter:2015-12-26 16:53:24,458:DEBUG:aobd.elm327:140682529167104:sending: b'010C\r\n'
greymatter:2015-12-26 16:53:24,459:DEBUG:aobd.elm327:140682529167104:data sent
greymatter:2015-12-26 16:53:24,610:DEBUG:aobd.elm327:140682529167104:received: b'4'
greymatter:2015-12-26 16:53:24,611:DEBUG:aobd.elm327:140682529167104:received: b'8 6B 11 41 0C 0E 69 '
greymatter:2015-12-26 16:53:24,645:DEBUG:aobd.elm327:140682529167104:received: b'88 \r'
greymatter:2015-12-26 16:53:24,773:DEBUG:aobd.elm327:140682529167104:received: b'\r'
greymatter:2015-12-26 16:53:24,774:DEBUG:aobd.elm327:140682529167104:received: b'>'
greymatter:2015-12-26 16:53:24,775:DEBUG:aobd.elm327:140682529167104:sending: b'0111\r\n'
greymatter:2015-12-26 16:53:24,776:DEBUG:aobd.elm327:140682529167104:data sent
greymatter:2015-12-26 16:53:24,935:DEBUG:aobd.elm327:140682529167104:received: b'4'
greymatter:2015-12-26 16:53:24,936:DEBUG:aobd.elm327:140682529167104:received: b'8 6B 11 41 11 19 '
greymatter:2015-12-26 16:53:24,970:DEBUG:aobd.elm327:140682529167104:received: b'2F \r'
greymatter:2015-12-26 16:53:25,099:DEBUG:aobd.elm327:140682529167104:received: b'\r>'
greymatter:2015-12-26 16:53:25,100:DEBUG:aobd.elm327:140682529167104:sending: b'010C\r\n'
greymatter:2015-12-26 16:53:25,100:DEBUG:aobd.elm327:140682529167104:data sent
greymatter:2015-12-26 16:53:25,249:DEBUG:aobd.elm327:140682529167104:received: b'4'
greymatter:2015-12-26 16:53:25,281:DEBUG:aobd.elm327:140682529167104:received: b'8 6B 11 41 0C 0E 66 '
greymatter:2015-12-26 16:53:25,284:DEBUG:aobd.elm327:140682529167104:received: b'85 \r'
greymatter:2015-12-26 16:53:25,412:DEBUG:aobd.elm327:140682529167104:received: b'\r'
greymatter:2015-12-26 16:53:25,419:DEBUG:aobd.elm327:140682529167104:received: b'>'
greymatter:2015-12-26 16:53:25,420:DEBUG:aobd.elm327:140682529167104:sending: b'0111\r\n'
greymatter:2015-12-26 16:53:25,420:DEBUG:aobd.elm327:140682529167104:data sent
greymatter:2015-12-26 16:53:25,567:DEBUG:aobd.elm327:140682529167104:received: b'4'
greymatter:2015-12-26 16:53:25,574:DEBUG:aobd.elm327:140682529167104:received: b'8 6B 11 41 11 19 '
greymatter:2015-12-26 16:53:25,607:DEBUG:aobd.elm327:140682529167104:received: b'2F \r'
greymatter:2015-12-26 16:53:25,735:DEBUG:aobd.elm327:140682529167104:received: b'\r'
greymatter:2015-12-26 16:53:25,736:DEBUG:aobd.elm327:140682529167104:received: b'>'
greymatter:2015-12-26 16:53:25,737:DEBUG:aobd.elm327:140682529167104:sending: b'010C\r\n'
greymatter:2015-12-26 16:53:25,738:DEBUG:aobd.elm327:140682529167104:data sent
greymatter:2015-12-26 16:53:25,885:DEBUG:aobd.elm327:140682529167104:received: b'4'
greymatter:2015-12-26 16:53:25,918:DEBUG:aobd.elm327:140682529167104:received: b'8 6B 11 41 0C 0E 89 '
greymatter:2015-12-26 16:53:25,920:DEBUG:aobd.elm327:140682529167104:received: b'A8 \r'
greymatter:2015-12-26 16:53:26,046:DEBUG:aobd.elm327:140682529167104:received: b'\r>'
greymatter:2015-12-26 16:53:26,047:DEBUG:aobd.elm327:140682529167104:sending: b'0111\r\n'
greymatter:2015-12-26 16:53:26,048:DEBUG:aobd.elm327:140682529167104:data sent
greymatter:2015-12-26 16:53:26,200:DEBUG:aobd.elm327:140682529167104:received: b'4'
greymatter:2015-12-26 16:53:26,233:DEBUG:aobd.elm327:140682529167104:received: b'8 6B 11 41 11 19 '
greymatter:2015-12-26 16:53:26,235:DEBUG:aobd.elm327:140682529167104:received: b'2F \r'
greymatter:2015-12-26 16:53:26,381:DEBUG:aobd.elm327:140682529167104:received: b'\r'
greymatter:2015-12-26 16:53:26,382:DEBUG:aobd.elm327:140682529167104:received: b'>'
greymatter:2015-12-26 16:53:26,383:DEBUG:aobd.elm327:140682529167104:sending: b'010C\r\n'
greymatter:2015-12-26 16:53:26,384:DEBUG:aobd.elm327:140682529167104:data sent
greymatter:2015-12-26 16:53:26,535:DEBUG:aobd.elm327:140682529167104:received: b'4'
greymatter:2015-12-26 16:53:26,536:DEBUG:aobd.elm327:140682529167104:received: b'8 6B 11 41 0C 0E 88 '
greymatter:2015-12-26 16:53:26,570:DEBUG:aobd.elm327:140682529167104:received: b'A7 \r'
greymatter:2015-12-26 16:53:26,693:DEBUG:aobd.elm327:140682529167104:received: b'\r>'
greymatter:2015-12-26 16:53:26,694:DEBUG:aobd.elm327:140682529167104:sending: b'0111\r\n'
greymatter:2015-12-26 16:53:26,694:DEBUG:aobd.elm327:140682529167104:data sent
greymatter:2015-12-26 16:53:26,845:DEBUG:aobd.elm327:140682529167104:received: b'48 '
greymatter:2015-12-26 16:53:26,877:DEBUG:aobd.elm327:140682529167104:received: b'6B 11 41 11 19 '
greymatter:2015-12-26 16:53:26,880:DEBUG:aobd.elm327:140682529167104:received: b'2F \r'
greymatter:2015-12-26 16:53:26,980:DEBUG:aobd.elm327:140682529167104:received: b'\r>'
greymatter:2015-12-26 16:53:26,981:DEBUG:aobd.elm327:140682529167104:sending: b'010C\r\n'
greymatter:2015-12-26 16:53:26,981:DEBUG:aobd.elm327:140682529167104:data sent
greymatter:2015-12-26 16:53:27,134:DEBUG:aobd.elm327:140682529167104:received: b'4'
greymatter:2015-12-26 16:53:27,166:DEBUG:aobd.elm327:140682529167104:received: b'8 6B 11 41 0C 0E 76 '
greymatter:2015-12-26 16:53:27,169:DEBUG:aobd.elm327:140682529167104:received: b'95 \r'
greymatter:2015-12-26 16:53:27,247:DEBUG:aobd.elm327:140682529167104:received: b'\r'
greymatter:2015-12-26 16:53:27,280:DEBUG:aobd.elm327:140682529167104:received: b'>'
greymatter:2015-12-26 16:53:27,281:DEBUG:aobd.elm327:140682529167104:sending: b'0111\r\n'
greymatter:2015-12-26 16:53:27,281:DEBUG:aobd.elm327:140682529167104:data sent
greymatter:2015-12-26 16:53:27,436:DEBUG:aobd.elm327:140682529167104:received: b'48 '
greymatter:2015-12-26 16:53:27,438:DEBUG:aobd.elm327:140682529167104:received: b'6B 11 41 11 19 '
greymatter:2015-12-26 16:53:27,471:DEBUG:aobd.elm327:140682529167104:received: b'2F \r'
greymatter:2015-12-26 16:53:27,552:DEBUG:aobd.elm327:140682529167104:received: b'\r'
greymatter:2015-12-26 16:53:27,554:DEBUG:aobd.elm327:140682529167104:received: b'>'
greymatter:2015-12-26 16:53:27,555:DEBUG:aobd.elm327:140682529167104:sending: b'010C\r\n'
greymatter:2015-12-26 16:53:27,555:DEBUG:aobd.elm327:140682529167104:data sent
greymatter:2015-12-26 16:53:27,709:DEBUG:aobd.elm327:140682529167104:received: b'4'
greymatter:2015-12-26 16:53:27,715:DEBUG:aobd.elm327:140682529167104:received: b'8 6B 11 41 0C 0E 86 '
greymatter:2015-12-26 16:53:27,749:DEBUG:aobd.elm327:140682529167104:received: b'A5 \r'
greymatter:2015-12-26 16:53:27,830:DEBUG:aobd.elm327:140682529167104:received: b'\r'
greymatter:2015-12-26 16:53:27,831:DEBUG:aobd.elm327:140682529167104:received: b'>'
greymatter:2015-12-26 16:53:27,832:DEBUG:aobd.elm327:140682529167104:sending: b'0111\r\n'
greymatter:2015-12-26 16:53:27,833:DEBUG:aobd.elm327:140682529167104:data sent
greymatter:2015-12-26 16:53:27,981:DEBUG:aobd.elm327:140682529167104:received: b'4'
greymatter:2015-12-26 16:53:28,014:DEBUG:aobd.elm327:140682529167104:received: b'8 6B 11 41 11 19 '
greymatter:2015-12-26 16:53:28,016:DEBUG:aobd.elm327:140682529167104:received: b'2F \r'
greymatter:2015-12-26 16:53:28,116:DEBUG:aobd.elm327:140682529167104:received: b'\r>'
greymatter:2015-12-26 16:53:28,117:DEBUG:aobd.elm327:140682529167104:sending: b'010C\r\n'
greymatter:2015-12-26 16:53:28,118:DEBUG:aobd.elm327:140682529167104:data sent
greymatter:2015-12-26 16:53:28,273:DEBUG:aobd.elm327:140682529167104:received: b'4'
greymatter:2015-12-26 16:53:28,278:DEBUG:aobd.elm327:140682529167104:received: b'8 6B 11 41 0C 0E 84 '
greymatter:2015-12-26 16:53:28,311:DEBUG:aobd.elm327:140682529167104:received: b'A3 \r'
greymatter:2015-12-26 16:53:28,387:DEBUG:aobd.elm327:140682529167104:received: b'\r'
greymatter:2015-12-26 16:53:28,420:DEBUG:aobd.elm327:140682529167104:received: b'>'
greymatter:2015-12-26 16:53:28,421:DEBUG:aobd.elm327:140682529167104:sending: b'0111\r\n'
greymatter:2015-12-26 16:53:28,421:DEBUG:aobd.elm327:140682529167104:data sent
greymatter:2015-12-26 16:53:28,576:DEBUG:aobd.elm327:140682529167104:received: b'4'
greymatter:2015-12-26 16:53:28,609:DEBUG:aobd.elm327:140682529167104:received: b'8 6B 11 41 11 19 '
greymatter:2015-12-26 16:53:28,611:DEBUG:aobd.elm327:140682529167104:received: b'2F \r'
greymatter:2015-12-26 16:53:28,709:DEBUG:aobd.elm327:140682529167104:received: b'\r>'
greymatter:2015-12-26 16:53:28,710:DEBUG:aobd.elm327:140682529167104:sending: b'010C\r\n'
greymatter:2015-12-26 16:53:28,710:DEBUG:aobd.elm327:140682529167104:data sent
greymatter:2015-12-26 16:53:28,866:DEBUG:aobd.elm327:140682529167104:received: b'48 '
greymatter:2015-12-26 16:53:28,873:DEBUG:aobd.elm327:140682529167104:received: b'6B 11 41 0C 0E 6C '
greymatter:2015-12-26 16:53:28,906:DEBUG:aobd.elm327:140682529167104:received: b'8B \r'
greymatter:2015-12-26 16:53:28,985:DEBUG:aobd.elm327:140682529167104:received: b'\r'
greymatter:2015-12-26 16:53:28,987:DEBUG:aobd.elm327:140682529167104:received: b'>'
greymatter:2015-12-26 16:53:28,988:DEBUG:aobd.elm327:140682529167104:sending: b'0111\r\n'
greymatter:2015-12-26 16:53:28,989:DEBUG:aobd.elm327:140682529167104:data sent
greymatter:2015-12-26 16:53:29,141:DEBUG:aobd.elm327:140682529167104:received: b'4'
greymatter:2015-12-26 16:53:29,174:DEBUG:aobd.elm327:140682529167104:received: b'8 6B 11 41 11 19 '
greymatter:2015-12-26 16:53:29,176:DEBUG:aobd.elm327:140682529167104:received: b'2F \r'
greymatter:2015-12-26 16:53:29,254:DEBUG:aobd.elm327:140682529167104:received: b'\r>'
greymatter:2015-12-26 16:53:29,255:DEBUG:aobd.elm327:140682529167104:sending: b'010C\r\n'
greymatter:2015-12-26 16:53:29,255:DEBUG:aobd.elm327:140682529167104:data sent
greymatter:2015-12-26 16:53:29,406:DEBUG:aobd.elm327:140682529167104:received: b'48'
greymatter:2015-12-26 16:53:29,439:DEBUG:aobd.elm327:140682529167104:received: b' 6B 11 41 0C 0E 79 '
greymatter:2015-12-26 16:53:29,441:DEBUG:aobd.elm327:140682529167104:received: b'98 \r'
greymatter:2015-12-26 16:53:29,541:DEBUG:aobd.elm327:140682529167104:received: b'\r>'
greymatter:2015-12-26 16:53:29,542:DEBUG:aobd.elm327:140682529167104:sending: b'0111\r\n'
greymatter:2015-12-26 16:53:29,543:DEBUG:aobd.elm327:140682529167104:data sent
greymatter:2015-12-26 16:53:29,696:DEBUG:aobd.elm327:140682529167104:sending: b'ATZ\r\n'
greymatter:2015-12-26 16:53:29,696:DEBUG:aobd.elm327:140682529167104:data sent
greymatter:2015-12-26 16:53:29,697:INFO:aobd.elm327:140682529167104:port closed
greymatter:2015-12-26 17:00:44,408:DEBUG:aobd.elm327:139788179728128:opening serial port /dev/rfcomm0
greymatter:2015-12-26 17:00:44,408:DEBUG:aobd.elm327:139788179728128:started to watch serial port file descriptior 10
greymatter:2015-12-26 17:00:44,409:DEBUG:aobd.elm327:139788179728128:sending: b'ATZ\r\n'
greymatter:2015-12-26 17:00:47,905:DEBUG:aobd.elm327:139788179728128:data sent
greymatter:2015-12-26 17:00:48,804:DEBUG:aobd.elm327:139788179728128:received: b'\r'
greymatter:2015-12-26 17:00:48,809:DEBUG:aobd.elm327:139788179728128:received: b'\rELM327 v1.4\r\r>'
greymatter:2015-12-26 17:00:48,810:DEBUG:aobd.elm327:139788179728128:sending: b'ATE0\r\n'
greymatter:2015-12-26 17:00:48,810:DEBUG:aobd.elm327:139788179728128:data sent
greymatter:2015-12-26 17:00:48,847:DEBUG:aobd.elm327:139788179728128:received: b'ATE0\rOK\r\r'
greymatter:2015-12-26 17:00:48,848:DEBUG:aobd.elm327:139788179728128:received: b'>'
greymatter:2015-12-26 17:00:48,848:DEBUG:aobd.elm327:139788179728128:sending: b'ATH1\r\n'
greymatter:2015-12-26 17:00:48,849:DEBUG:aobd.elm327:139788179728128:data sent
greymatter:2015-12-26 17:00:48,885:DEBUG:aobd.elm327:139788179728128:received: b'OK\r\r>'
greymatter:2015-12-26 17:00:48,886:DEBUG:aobd.elm327:139788179728128:sending: b'ATL0\r\n'
greymatter:2015-12-26 17:00:48,886:DEBUG:aobd.elm327:139788179728128:data sent
greymatter:2015-12-26 17:00:48,923:DEBUG:aobd.elm327:139788179728128:received: b'OK\r\r>'
greymatter:2015-12-26 17:00:48,924:DEBUG:aobd.elm327:139788179728128:sending: b'ATSPA8\r\n'
greymatter:2015-12-26 17:00:48,924:DEBUG:aobd.elm327:139788179728128:data sent
greymatter:2015-12-26 17:00:48,960:DEBUG:aobd.elm327:139788179728128:received: b'OK'
greymatter:2015-12-26 17:00:48,961:DEBUG:aobd.elm327:139788179728128:received: b'\r\r'
greymatter:2015-12-26 17:00:48,993:DEBUG:aobd.elm327:139788179728128:received: b'>'
greymatter:2015-12-26 17:00:48,994:DEBUG:aobd.elm327:139788179728128:sending: b'0100\r\n'
greymatter:2015-12-26 17:00:48,995:DEBUG:aobd.elm327:139788179728128:data sent
greymatter:2015-12-26 17:00:49,031:DEBUG:aobd.elm327:139788179728128:received: b'SE'
greymatter:2015-12-26 17:00:49,032:DEBUG:aobd.elm327:139788179728128:received: b'ARCHING'
greymatter:2015-12-26 17:00:49,033:DEBUG:aobd.elm327:139788179728128:received: b'...\r'
greymatter:2015-12-26 17:00:54,278:DEBUG:aobd.elm327:139788179728128:received: b'48'
greymatter:2015-12-26 17:00:54,280:DEBUG:aobd.elm327:139788179728128:received: b' 6B 11 41 00 BE 3E B8 10 '
greymatter:2015-12-26 17:00:54,281:DEBUG:aobd.elm327:139788179728128:received: b'C9 \r'
greymatter:2015-12-26 17:00:54,404:DEBUG:aobd.elm327:139788179728128:received: b'\r'
greymatter:2015-12-26 17:00:54,437:DEBUG:aobd.elm327:139788179728128:received: b'>'
greymatter:2015-12-26 17:00:54,437:DEBUG:aobd.elm327:139788179728128:sending: b'ATDPN\r\n'
greymatter:2015-12-26 17:00:54,438:DEBUG:aobd.elm327:139788179728128:data sent
greymatter:2015-12-26 17:00:54,474:DEBUG:aobd.elm327:139788179728128:received: b'A3\r\r>'
greymatter:2015-12-26 17:00:54,475:INFO:aobd.elm327:139788179728128:protocol id: 3
greymatter:2015-12-26 17:00:54,476:DEBUG:aobd.elm327:139788179728128:Connection successful
greymatter:2015-12-26 17:00:54,477:DEBUG:aobd.elm327:139788179728128:sending: b'0100\r\n'
greymatter:2015-12-26 17:00:54,478:DEBUG:aobd.elm327:139788179728128:data sent
greymatter:2015-12-26 17:00:54,631:DEBUG:aobd.elm327:139788179728128:received: b'4'
greymatter:2015-12-26 17:00:54,665:DEBUG:aobd.elm327:139788179728128:received: b'8 6B 11 41 00 BE 3E B8 10 '
greymatter:2015-12-26 17:00:54,667:DEBUG:aobd.elm327:139788179728128:received: b'C9 \r'
greymatter:2015-12-26 17:00:54,889:DEBUG:aobd.elm327:139788179728128:received: b'\r'
greymatter:2015-12-26 17:00:54,891:DEBUG:aobd.elm327:139788179728128:received: b'>'
greymatter:2015-12-26 17:00:54,894:DEBUG:aobd.elm327:139788179728128:sending: b'010C\r\n'
greymatter:2015-12-26 17:00:54,894:DEBUG:aobd.elm327:139788179728128:data sent
greymatter:2015-12-26 17:00:55,044:DEBUG:aobd.elm327:139788179728128:received: b'4'
greymatter:2015-12-26 17:00:55,077:DEBUG:aobd.elm327:139788179728128:received: b'8 6B 11 41 0C 0B D7 '
greymatter:2015-12-26 17:00:55,078:DEBUG:aobd.elm327:139788179728128:received: b'F3 \r'
greymatter:2015-12-26 17:00:55,293:DEBUG:aobd.elm327:139788179728128:received: b'\r>'
greymatter:2015-12-26 17:00:55,294:DEBUG:aobd.elm327:139788179728128:sending: b'010C\r\n'
greymatter:2015-12-26 17:00:55,295:DEBUG:aobd.elm327:139788179728128:data sent
greymatter:2015-12-26 17:00:55,452:DEBUG:aobd.elm327:139788179728128:received: b'4'
greymatter:2015-12-26 17:00:55,453:DEBUG:aobd.elm327:139788179728128:received: b'8 6B 11 41 0C 0B C3 '
greymatter:2015-12-26 17:00:55,487:DEBUG:aobd.elm327:139788179728128:received: b'DF \r'
greymatter:2015-12-26 17:00:55,682:DEBUG:aobd.elm327:139788179728128:received: b'\r>'
greymatter:2015-12-26 17:00:55,683:DEBUG:aobd.elm327:139788179728128:sending: b'010C\r\n'
greymatter:2015-12-26 17:00:55,684:DEBUG:aobd.elm327:139788179728128:data sent
greymatter:2015-12-26 17:00:55,835:DEBUG:aobd.elm327:139788179728128:received: b'4'
greymatter:2015-12-26 17:00:55,840:DEBUG:aobd.elm327:139788179728128:received: b'8 6B 11 41 0C 0B BF '
greymatter:2015-12-26 17:00:55,874:DEBUG:aobd.elm327:139788179728128:received: b'DB \r'
greymatter:2015-12-26 17:00:55,998:DEBUG:aobd.elm327:139788179728128:received: b'\r'
greymatter:2015-12-26 17:00:56,000:DEBUG:aobd.elm327:139788179728128:received: b'>'
greymatter:2015-12-26 17:00:56,001:DEBUG:aobd.elm327:139788179728128:sending: b'010C\r\n'
greymatter:2015-12-26 17:00:56,001:DEBUG:aobd.elm327:139788179728128:data sent
greymatter:2015-12-26 17:00:56,150:DEBUG:aobd.elm327:139788179728128:received: b'4'
greymatter:2015-12-26 17:00:56,183:DEBUG:aobd.elm327:139788179728128:received: b'8 6B 11 41 0C 0B DA '
greymatter:2015-12-26 17:00:56,185:DEBUG:aobd.elm327:139788179728128:received: b'F6 \r'
greymatter:2015-12-26 17:00:56,310:DEBUG:aobd.elm327:139788179728128:received: b'\r>'
greymatter:2015-12-26 17:00:56,312:DEBUG:aobd.elm327:139788179728128:sending: b'010C\r\n'
greymatter:2015-12-26 17:00:56,312:DEBUG:aobd.elm327:139788179728128:data sent
greymatter:2015-12-26 17:00:56,467:DEBUG:aobd.elm327:139788179728128:received: b'4'
greymatter:2015-12-26 17:00:56,499:DEBUG:aobd.elm327:139788179728128:received: b'8 6B 11 41 0C 0B C3 '
greymatter:2015-12-26 17:00:56,501:DEBUG:aobd.elm327:139788179728128:received: b'DF \r'
greymatter:2015-12-26 17:00:56,627:DEBUG:aobd.elm327:139788179728128:received: b'\r'
greymatter:2015-12-26 17:00:56,659:DEBUG:aobd.elm327:139788179728128:received: b'>'
greymatter:2015-12-26 17:00:56,660:DEBUG:aobd.elm327:139788179728128:sending: b'010C\r\n'
greymatter:2015-12-26 17:00:56,661:DEBUG:aobd.elm327:139788179728128:data sent
greymatter:2015-12-26 17:00:56,813:DEBUG:aobd.elm327:139788179728128:received: b'48 '
greymatter:2015-12-26 17:00:56,815:DEBUG:aobd.elm327:139788179728128:received: b'6B 11 41 0C 0B D0 '
greymatter:2015-12-26 17:00:56,848:DEBUG:aobd.elm327:139788179728128:received: b'EC \r'
greymatter:2015-12-26 17:00:56,974:DEBUG:aobd.elm327:139788179728128:received: b'\r'
greymatter:2015-12-26 17:00:56,976:DEBUG:aobd.elm327:139788179728128:received: b'>'
greymatter:2015-12-26 17:00:56,977:DEBUG:aobd.elm327:139788179728128:sending: b'010C\r\n'
greymatter:2015-12-26 17:00:56,977:DEBUG:aobd.elm327:139788179728128:data sent
greymatter:2015-12-26 17:00:57,130:DEBUG:aobd.elm327:139788179728128:received: b'48'
greymatter:2015-12-26 17:00:57,163:DEBUG:aobd.elm327:139788179728128:received: b' 6B 11 41 0C 0B BA '
greymatter:2015-12-26 17:00:57,165:DEBUG:aobd.elm327:139788179728128:received: b'D6 \r'
greymatter:2015-12-26 17:00:57,294:DEBUG:aobd.elm327:139788179728128:received: b'\r'
greymatter:2015-12-26 17:00:57,327:DEBUG:aobd.elm327:139788179728128:received: b'>'
greymatter:2015-12-26 17:00:57,328:DEBUG:aobd.elm327:139788179728128:sending: b'010C\r\n'
greymatter:2015-12-26 17:00:57,328:DEBUG:aobd.elm327:139788179728128:data sent
greymatter:2015-12-26 17:00:57,485:DEBUG:aobd.elm327:139788179728128:received: b'4'
greymatter:2015-12-26 17:00:57,487:DEBUG:aobd.elm327:139788179728128:received: b'8 6B 11 41 0C 0B B0 '
greymatter:2015-12-26 17:00:57,520:DEBUG:aobd.elm327:139788179728128:received: b'CC \r'
greymatter:2015-12-26 17:00:57,644:DEBUG:aobd.elm327:139788179728128:received: b'\r>'
greymatter:2015-12-26 17:00:57,645:DEBUG:aobd.elm327:139788179728128:sending: b'010C\r\n'
greymatter:2015-12-26 17:00:57,646:DEBUG:aobd.elm327:139788179728128:data sent
greymatter:2015-12-26 17:00:57,814:DEBUG:aobd.elm327:139788179728128:received: b'4'
greymatter:2015-12-26 17:00:57,816:DEBUG:aobd.elm327:139788179728128:received: b'8 6B 11 41 0C 0B C0 '
greymatter:2015-12-26 17:00:57,850:DEBUG:aobd.elm327:139788179728128:received: b'DC \r'
greymatter:2015-12-26 17:00:57,974:DEBUG:aobd.elm327:139788179728128:received: b'\r'
greymatter:2015-12-26 17:00:57,976:DEBUG:aobd.elm327:139788179728128:received: b'>'
greymatter:2015-12-26 17:00:57,977:DEBUG:aobd.elm327:139788179728128:sending: b'010C\r\n'
greymatter:2015-12-26 17:00:57,977:DEBUG:aobd.elm327:139788179728128:data sent
greymatter:2015-12-26 17:00:58,129:DEBUG:aobd.elm327:139788179728128:received: b'4'
greymatter:2015-12-26 17:00:58,134:DEBUG:aobd.elm327:139788179728128:received: b'8 6B 11 41 0C 0B B2 '
greymatter:2015-12-26 17:00:58,168:DEBUG:aobd.elm327:139788179728128:received: b'CE \r'
greymatter:2015-12-26 17:00:58,295:DEBUG:aobd.elm327:139788179728128:received: b'\r>'
greymatter:2015-12-26 17:00:58,297:DEBUG:aobd.elm327:139788179728128:sending: b'010C\r\n'
greymatter:2015-12-26 17:00:58,297:DEBUG:aobd.elm327:139788179728128:data sent
greymatter:2015-12-26 17:00:58,450:DEBUG:aobd.elm327:139788179728128:received: b'48 '
greymatter:2015-12-26 17:00:58,452:DEBUG:aobd.elm327:139788179728128:received: b'6B 11 41 0C 0B 9C '
greymatter:2015-12-26 17:00:58,485:DEBUG:aobd.elm327:139788179728128:received: b'B8 \r'
greymatter:2015-12-26 17:00:58,611:DEBUG:aobd.elm327:139788179728128:received: b'\r>'
greymatter:2015-12-26 17:00:58,613:DEBUG:aobd.elm327:139788179728128:sending: b'010C\r\n'
greymatter:2015-12-26 17:00:58,613:DEBUG:aobd.elm327:139788179728128:data sent
greymatter:2015-12-26 17:00:58,778:DEBUG:aobd.elm327:139788179728128:received: b'4'
greymatter:2015-12-26 17:00:58,780:DEBUG:aobd.elm327:139788179728128:received: b'8 6B 11 41 0C 0B B3 '
greymatter:2015-12-26 17:00:58,813:DEBUG:aobd.elm327:139788179728128:received: b'CF \r'
greymatter:2015-12-26 17:00:58,935:DEBUG:aobd.elm327:139788179728128:received: b'\r'
greymatter:2015-12-26 17:00:58,937:DEBUG:aobd.elm327:139788179728128:received: b'>'
greymatter:2015-12-26 17:00:58,938:DEBUG:aobd.elm327:139788179728128:sending: b'010C\r\n'
greymatter:2015-12-26 17:00:58,939:DEBUG:aobd.elm327:139788179728128:data sent
greymatter:2015-12-26 17:00:59,086:DEBUG:aobd.elm327:139788179728128:received: b'4'
greymatter:2015-12-26 17:00:59,119:DEBUG:aobd.elm327:139788179728128:received: b'8 6B 11 41 0C 0B C5 '
greymatter:2015-12-26 17:00:59,121:DEBUG:aobd.elm327:139788179728128:received: b'E1 \r'
greymatter:2015-12-26 17:00:59,271:DEBUG:aobd.elm327:139788179728128:received: b'\r>'
greymatter:2015-12-26 17:00:59,272:DEBUG:aobd.elm327:139788179728128:sending: b'010C\r\n'
greymatter:2015-12-26 17:00:59,272:DEBUG:aobd.elm327:139788179728128:data sent
greymatter:2015-12-26 17:00:59,425:DEBUG:aobd.elm327:139788179728128:received: b'48'
greymatter:2015-12-26 17:00:59,458:DEBUG:aobd.elm327:139788179728128:received: b' 6B 11 41 0C 0B AE '
greymatter:2015-12-26 17:00:59,460:DEBUG:aobd.elm327:139788179728128:received: b'CA \r'
greymatter:2015-12-26 17:00:59,562:DEBUG:aobd.elm327:139788179728128:received: b'\r'
greymatter:2015-12-26 17:00:59,564:DEBUG:aobd.elm327:139788179728128:received: b'>'
greymatter:2015-12-26 17:00:59,565:DEBUG:aobd.elm327:139788179728128:sending: b'010C\r\n'
greymatter:2015-12-26 17:00:59,565:DEBUG:aobd.elm327:139788179728128:data sent
greymatter:2015-12-26 17:00:59,719:DEBUG:aobd.elm327:139788179728128:received: b'4'
greymatter:2015-12-26 17:00:59,720:DEBUG:aobd.elm327:139788179728128:received: b'8 6B 11 41 0C 0B B8 '
greymatter:2015-12-26 17:00:59,754:DEBUG:aobd.elm327:139788179728128:received: b'D4 \r'
greymatter:2015-12-26 17:00:59,832:DEBUG:aobd.elm327:139788179728128:received: b'\r>'
greymatter:2015-12-26 17:00:59,833:DEBUG:aobd.elm327:139788179728128:sending: b'010C\r\n'
greymatter:2015-12-26 17:00:59,834:DEBUG:aobd.elm327:139788179728128:data sent
greymatter:2015-12-26 17:00:59,991:DEBUG:aobd.elm327:139788179728128:received: b'4'
greymatter:2015-12-26 17:00:59,992:DEBUG:aobd.elm327:139788179728128:received: b'8 6B 11 41 0C 0B B3 '
greymatter:2015-12-26 17:01:00,026:DEBUG:aobd.elm327:139788179728128:received: b'CF \r'
greymatter:2015-12-26 17:01:00,107:DEBUG:aobd.elm327:139788179728128:received: b'\r>'
greymatter:2015-12-26 17:01:00,108:DEBUG:aobd.elm327:139788179728128:sending: b'010C\r\n'
greymatter:2015-12-26 17:01:00,109:DEBUG:aobd.elm327:139788179728128:data sent
greymatter:2015-12-26 17:01:00,264:DEBUG:aobd.elm327:139788179728128:received: b'48 '
greymatter:2015-12-26 17:01:00,265:DEBUG:aobd.elm327:139788179728128:received: b'6B 11 41 0C 0B C0 '
greymatter:2015-12-26 17:01:00,298:DEBUG:aobd.elm327:139788179728128:received: b'DC \r'
greymatter:2015-12-26 17:01:00,380:DEBUG:aobd.elm327:139788179728128:received: b'\r'
greymatter:2015-12-26 17:01:00,381:DEBUG:aobd.elm327:139788179728128:received: b'>'
greymatter:2015-12-26 17:01:00,382:DEBUG:aobd.elm327:139788179728128:sending: b'010C\r\n'
greymatter:2015-12-26 17:01:00,383:DEBUG:aobd.elm327:139788179728128:data sent
greymatter:2015-12-26 17:01:00,531:DEBUG:aobd.elm327:139788179728128:received: b'48'
greymatter:2015-12-26 17:01:00,564:DEBUG:aobd.elm327:139788179728128:received: b' 6B 11 41 0C 0B B9 '
greymatter:2015-12-26 17:01:00,566:DEBUG:aobd.elm327:139788179728128:received: b'D5 \r'
greymatter:2015-12-26 17:01:00,670:DEBUG:aobd.elm327:139788179728128:received: b'\r'
greymatter:2015-12-26 17:01:00,671:DEBUG:aobd.elm327:139788179728128:received: b'>'
greymatter:2015-12-26 17:01:00,672:DEBUG:aobd.elm327:139788179728128:sending: b'010C\r\n'
greymatter:2015-12-26 17:01:00,673:DEBUG:aobd.elm327:139788179728128:data sent
greymatter:2015-12-26 17:01:00,822:DEBUG:aobd.elm327:139788179728128:received: b'4'
greymatter:2015-12-26 17:01:00,825:DEBUG:aobd.elm327:139788179728128:received: b'8 6B 11 41 0C 0B C9 '
greymatter:2015-12-26 17:01:00,859:DEBUG:aobd.elm327:139788179728128:received: b'E5 \r'
greymatter:2015-12-26 17:01:00,940:DEBUG:aobd.elm327:139788179728128:received: b'\r'
greymatter:2015-12-26 17:01:00,945:DEBUG:aobd.elm327:139788179728128:received: b'>'
greymatter:2015-12-26 17:01:00,946:DEBUG:aobd.elm327:139788179728128:sending: b'010C\r\n'
greymatter:2015-12-26 17:01:00,946:DEBUG:aobd.elm327:139788179728128:data sent
greymatter:2015-12-26 17:01:01,094:DEBUG:aobd.elm327:139788179728128:received: b'48 '
greymatter:2015-12-26 17:01:01,126:DEBUG:aobd.elm327:139788179728128:received: b'6B 11 41 0C 0B BA '
greymatter:2015-12-26 17:01:01,129:DEBUG:aobd.elm327:139788179728128:received: b'D6 \r'
greymatter:2015-12-26 17:01:01,226:DEBUG:aobd.elm327:139788179728128:received: b'\r'
greymatter:2015-12-26 17:01:01,227:DEBUG:aobd.elm327:139788179728128:received: b'>'
greymatter:2015-12-26 17:01:01,228:DEBUG:aobd.elm327:139788179728128:sending: b'010C\r\n'
greymatter:2015-12-26 17:01:01,229:DEBUG:aobd.elm327:139788179728128:data sent
greymatter:2015-12-26 17:01:01,387:DEBUG:aobd.elm327:139788179728128:received: b'48'
greymatter:2015-12-26 17:01:01,388:DEBUG:aobd.elm327:139788179728128:received: b' 6B 11 41 0C 0B BB '
greymatter:2015-12-26 17:01:01,422:DEBUG:aobd.elm327:139788179728128:received: b'D7 \r'
greymatter:2015-12-26 17:01:01,501:DEBUG:aobd.elm327:139788179728128:received: b'\r>'
greymatter:2015-12-26 17:01:01,502:DEBUG:aobd.elm327:139788179728128:sending: b'010C\r\n'
greymatter:2015-12-26 17:01:01,503:DEBUG:aobd.elm327:139788179728128:data sent
greymatter:2015-12-26 17:01:01,513:DEBUG:aobd.elm327:139788179728128:sending: b'ATZ\r\n'
greymatter:2015-12-26 17:01:01,513:DEBUG:aobd.elm327:139788179728128:data sent
greymatter:2015-12-26 17:01:01,514:INFO:aobd.elm327:139788179728128:port closed
greymatter:2015-12-26 17:01:56,393:DEBUG:aobd.elm327:140203723151104:opening serial port /dev/rfcomm0
greymatter:2015-12-26 17:01:56,394:DEBUG:aobd.elm327:140203723151104:started to watch serial port file descriptior 10
greymatter:2015-12-26 17:01:56,394:DEBUG:aobd.elm327:140203723151104:sending: b'ATZ\r\n'
greymatter:2015-12-26 17:02:00,485:DEBUG:aobd.elm327:140203723151104:data sent
greymatter:2015-12-26 17:02:01,386:DEBUG:aobd.elm327:140203723151104:received: b'\r'
greymatter:2015-12-26 17:02:01,387:DEBUG:aobd.elm327:140203723151104:received: b'\rELM327 v1.4\r\r>'
greymatter:2015-12-26 17:02:01,388:DEBUG:aobd.elm327:140203723151104:sending: b'ATE0\r\n'
greymatter:2015-12-26 17:02:01,388:DEBUG:aobd.elm327:140203723151104:data sent
greymatter:2015-12-26 17:02:01,424:DEBUG:aobd.elm327:140203723151104:received: b'ATE0\rOK\r\r>'
greymatter:2015-12-26 17:02:01,424:DEBUG:aobd.elm327:140203723151104:sending: b'ATH1\r\n'
greymatter:2015-12-26 17:02:01,425:DEBUG:aobd.elm327:140203723151104:data sent
greymatter:2015-12-26 17:02:01,460:DEBUG:aobd.elm327:140203723151104:received: b'OK\r\r>'
greymatter:2015-12-26 17:02:01,461:DEBUG:aobd.elm327:140203723151104:sending: b'ATL0\r\n'
greymatter:2015-12-26 17:02:01,462:DEBUG:aobd.elm327:140203723151104:data sent
greymatter:2015-12-26 17:02:01,498:DEBUG:aobd.elm327:140203723151104:received: b'OK\r\r>'
greymatter:2015-12-26 17:02:01,498:DEBUG:aobd.elm327:140203723151104:sending: b'ATSPA8\r\n'
greymatter:2015-12-26 17:02:01,499:DEBUG:aobd.elm327:140203723151104:data sent
greymatter:2015-12-26 17:02:01,534:DEBUG:aobd.elm327:140203723151104:received: b'OK\r\r'
greymatter:2015-12-26 17:02:01,566:DEBUG:aobd.elm327:140203723151104:received: b'>'
greymatter:2015-12-26 17:02:01,567:DEBUG:aobd.elm327:140203723151104:sending: b'0100\r\n'
greymatter:2015-12-26 17:02:01,567:DEBUG:aobd.elm327:140203723151104:data sent
greymatter:2015-12-26 17:02:01,603:DEBUG:aobd.elm327:140203723151104:received: b'SE'
greymatter:2015-12-26 17:02:01,604:DEBUG:aobd.elm327:140203723151104:received: b'ARCHING'
greymatter:2015-12-26 17:02:01,605:DEBUG:aobd.elm327:140203723151104:received: b'...\r'
greymatter:2015-12-26 17:02:06,785:DEBUG:aobd.elm327:140203723151104:received: b'4'
greymatter:2015-12-26 17:02:06,786:DEBUG:aobd.elm327:140203723151104:received: b'8 6B 11 41 00 BE 3E B8 10 '
greymatter:2015-12-26 17:02:06,788:DEBUG:aobd.elm327:140203723151104:received: b'C9 \r'
greymatter:2015-12-26 17:02:06,982:DEBUG:aobd.elm327:140203723151104:received: b'\r'
greymatter:2015-12-26 17:02:07,014:DEBUG:aobd.elm327:140203723151104:received: b'>'
greymatter:2015-12-26 17:02:07,015:DEBUG:aobd.elm327:140203723151104:sending: b'ATDPN\r\n'
greymatter:2015-12-26 17:02:07,015:DEBUG:aobd.elm327:140203723151104:data sent
greymatter:2015-12-26 17:02:07,050:DEBUG:aobd.elm327:140203723151104:received: b'A3\r\r>'
greymatter:2015-12-26 17:02:07,051:INFO:aobd.elm327:140203723151104:protocol id: 3
greymatter:2015-12-26 17:02:07,052:DEBUG:aobd.elm327:140203723151104:Connection successful
greymatter:2015-12-26 17:02:07,053:DEBUG:aobd.elm327:140203723151104:sending: b'0100\r\n'
greymatter:2015-12-26 17:02:07,054:DEBUG:aobd.elm327:140203723151104:data sent
greymatter:2015-12-26 17:02:07,224:DEBUG:aobd.elm327:140203723151104:received: b'4'
greymatter:2015-12-26 17:02:07,227:DEBUG:aobd.elm327:140203723151104:received: b'8 6B 11 41 00 BE 3E B8 10 '
greymatter:2015-12-26 17:02:07,259:DEBUG:aobd.elm327:140203723151104:received: b'C9 \r'
greymatter:2015-12-26 17:02:07,444:DEBUG:aobd.elm327:140203723151104:received: b'\r'
greymatter:2015-12-26 17:02:07,445:DEBUG:aobd.elm327:140203723151104:received: b'>'
greymatter:2015-12-26 17:02:07,448:DEBUG:aobd.elm327:140203723151104:sending: b'010C\r\n'
greymatter:2015-12-26 17:02:07,449:DEBUG:aobd.elm327:140203723151104:data sent
greymatter:2015-12-26 17:02:07,594:DEBUG:aobd.elm327:140203723151104:received: b'4'
greymatter:2015-12-26 17:02:07,627:DEBUG:aobd.elm327:140203723151104:received: b'8 6B 11 41 0C 0B B7 '
greymatter:2015-12-26 17:02:07,629:DEBUG:aobd.elm327:140203723151104:received: b'D3 \r'
greymatter:2015-12-26 17:02:07,824:DEBUG:aobd.elm327:140203723151104:received: b'\r>'
greymatter:2015-12-26 17:02:07,825:DEBUG:aobd.elm327:140203723151104:sending: b'0111\r\n'
greymatter:2015-12-26 17:02:07,825:DEBUG:aobd.elm327:140203723151104:data sent
greymatter:2015-12-26 17:02:07,983:DEBUG:aobd.elm327:140203723151104:received: b'4'
greymatter:2015-12-26 17:02:07,984:DEBUG:aobd.elm327:140203723151104:received: b'8 6B 11 41 11 19 '
greymatter:2015-12-26 17:02:08,018:DEBUG:aobd.elm327:140203723151104:received: b'2F \r'
greymatter:2015-12-26 17:02:08,214:DEBUG:aobd.elm327:140203723151104:received: b'\r'
greymatter:2015-12-26 17:02:08,216:DEBUG:aobd.elm327:140203723151104:received: b'>'
greymatter:2015-12-26 17:02:08,217:DEBUG:aobd.elm327:140203723151104:sending: b'010D\r\n'
greymatter:2015-12-26 17:02:08,217:DEBUG:aobd.elm327:140203723151104:data sent
greymatter:2015-12-26 17:02:08,388:DEBUG:aobd.elm327:140203723151104:received: b'48'
greymatter:2015-12-26 17:02:08,389:DEBUG:aobd.elm327:140203723151104:received: b' 6B 11 41 0D 00 '
greymatter:2015-12-26 17:02:08,423:DEBUG:aobd.elm327:140203723151104:received: b'12 \r'
greymatter:2015-12-26 17:02:08,549:DEBUG:aobd.elm327:140203723151104:received: b'\r>'
greymatter:2015-12-26 17:02:08,550:DEBUG:aobd.elm327:140203723151104:sending: b'010C\r\n'
greymatter:2015-12-26 17:02:08,551:DEBUG:aobd.elm327:140203723151104:data sent
greymatter:2015-12-26 17:02:08,705:DEBUG:aobd.elm327:140203723151104:received: b'4'
greymatter:2015-12-26 17:02:08,707:DEBUG:aobd.elm327:140203723151104:received: b'8 6B 11 41 0C 0B BF '
greymatter:2015-12-26 17:02:08,740:DEBUG:aobd.elm327:140203723151104:received: b'DB \r'
greymatter:2015-12-26 17:02:08,864:DEBUG:aobd.elm327:140203723151104:received: b'\r'
greymatter:2015-12-26 17:02:08,897:DEBUG:aobd.elm327:140203723151104:received: b'>'
greymatter:2015-12-26 17:02:08,898:DEBUG:aobd.elm327:140203723151104:sending: b'0111\r\n'
greymatter:2015-12-26 17:02:08,898:DEBUG:aobd.elm327:140203723151104:data sent
greymatter:2015-12-26 17:02:09,048:DEBUG:aobd.elm327:140203723151104:received: b'4'
greymatter:2015-12-26 17:02:09,081:DEBUG:aobd.elm327:140203723151104:received: b'8 6B 11 41 11 19 '
greymatter:2015-12-26 17:02:09,083:DEBUG:aobd.elm327:140203723151104:received: b'2F \r'
greymatter:2015-12-26 17:02:09,230:DEBUG:aobd.elm327:140203723151104:received: b'\r'
greymatter:2015-12-26 17:02:09,232:DEBUG:aobd.elm327:140203723151104:received: b'>'
greymatter:2015-12-26 17:02:09,233:DEBUG:aobd.elm327:140203723151104:sending: b'010D\r\n'
greymatter:2015-12-26 17:02:09,233:DEBUG:aobd.elm327:140203723151104:data sent
greymatter:2015-12-26 17:02:09,407:DEBUG:aobd.elm327:140203723151104:received: b'48'
greymatter:2015-12-26 17:02:09,408:DEBUG:aobd.elm327:140203723151104:received: b' 6B 11 41 0D 00 '
greymatter:2015-12-26 17:02:09,442:DEBUG:aobd.elm327:140203723151104:received: b'12 \r'
greymatter:2015-12-26 17:02:09,565:DEBUG:aobd.elm327:140203723151104:received: b'\r'
greymatter:2015-12-26 17:02:09,567:DEBUG:aobd.elm327:140203723151104:received: b'>'
greymatter:2015-12-26 17:02:09,568:DEBUG:aobd.elm327:140203723151104:sending: b'010C\r\n'
greymatter:2015-12-26 17:02:09,568:DEBUG:aobd.elm327:140203723151104:data sent
greymatter:2015-12-26 17:02:09,723:DEBUG:aobd.elm327:140203723151104:received: b'4'
greymatter:2015-12-26 17:02:09,724:DEBUG:aobd.elm327:140203723151104:received: b'8 6B 11 41 0C 0B 9F '
greymatter:2015-12-26 17:02:09,758:DEBUG:aobd.elm327:140203723151104:received: b'BB \r'
greymatter:2015-12-26 17:02:09,883:DEBUG:aobd.elm327:140203723151104:received: b'\r'
greymatter:2015-12-26 17:02:09,884:DEBUG:aobd.elm327:140203723151104:received: b'>'
greymatter:2015-12-26 17:02:09,885:DEBUG:aobd.elm327:140203723151104:sending: b'0111\r\n'
greymatter:2015-12-26 17:02:09,886:DEBUG:aobd.elm327:140203723151104:data sent
greymatter:2015-12-26 17:02:10,037:DEBUG:aobd.elm327:140203723151104:received: b'4'
greymatter:2015-12-26 17:02:10,038:DEBUG:aobd.elm327:140203723151104:received: b'8 6B 11 41 11 19 '
greymatter:2015-12-26 17:02:10,072:DEBUG:aobd.elm327:140203723151104:received: b'2F \r'
greymatter:2015-12-26 17:02:10,202:DEBUG:aobd.elm327:140203723151104:received: b'\r>'
greymatter:2015-12-26 17:02:10,203:DEBUG:aobd.elm327:140203723151104:sending: b'010D\r\n'
greymatter:2015-12-26 17:02:10,203:DEBUG:aobd.elm327:140203723151104:data sent
greymatter:2015-12-26 17:02:10,380:DEBUG:aobd.elm327:140203723151104:received: b'4'
greymatter:2015-12-26 17:02:10,382:DEBUG:aobd.elm327:140203723151104:received: b'8 6B 11 41 0D 00 '
greymatter:2015-12-26 17:02:10,392:DEBUG:aobd.elm327:140203723151104:received: b'12 \r'
greymatter:2015-12-26 17:02:10,538:DEBUG:aobd.elm327:140203723151104:received: b'\r'
greymatter:2015-12-26 17:02:10,539:DEBUG:aobd.elm327:140203723151104:received: b'>'
greymatter:2015-12-26 17:02:10,540:DEBUG:aobd.elm327:140203723151104:sending: b'010C\r\n'
greymatter:2015-12-26 17:02:10,540:DEBUG:aobd.elm327:140203723151104:data sent
greymatter:2015-12-26 17:02:10,695:DEBUG:aobd.elm327:140203723151104:received: b'4'
greymatter:2015-12-26 17:02:10,697:DEBUG:aobd.elm327:140203723151104:received: b'8 6B 11 41 0C 0B BA '
greymatter:2015-12-26 17:02:10,730:DEBUG:aobd.elm327:140203723151104:received: b'D6 \r'
greymatter:2015-12-26 17:02:10,857:DEBUG:aobd.elm327:140203723151104:received: b'\r'
greymatter:2015-12-26 17:02:10,858:DEBUG:aobd.elm327:140203723151104:received: b'>'
greymatter:2015-12-26 17:02:10,859:DEBUG:aobd.elm327:140203723151104:sending: b'0111\r\n'
greymatter:2015-12-26 17:02:10,860:DEBUG:aobd.elm327:140203723151104:data sent
greymatter:2015-12-26 17:02:11,035:DEBUG:aobd.elm327:140203723151104:received: b'48 '
greymatter:2015-12-26 17:02:11,037:DEBUG:aobd.elm327:140203723151104:received: b'6B 11 41 11 19 '
greymatter:2015-12-26 17:02:11,070:DEBUG:aobd.elm327:140203723151104:received: b'2F \r'
greymatter:2015-12-26 17:02:11,200:DEBUG:aobd.elm327:140203723151104:received: b'\r'
greymatter:2015-12-26 17:02:11,202:DEBUG:aobd.elm327:140203723151104:received: b'>'
greymatter:2015-12-26 17:02:11,203:DEBUG:aobd.elm327:140203723151104:sending: b'010D\r\n'
greymatter:2015-12-26 17:02:11,203:DEBUG:aobd.elm327:140203723151104:data sent
greymatter:2015-12-26 17:02:11,359:DEBUG:aobd.elm327:140203723151104:received: b'4'
greymatter:2015-12-26 17:02:11,360:DEBUG:aobd.elm327:140203723151104:received: b'8 6B 11 41 0D 00 '
greymatter:2015-12-26 17:02:11,394:DEBUG:aobd.elm327:140203723151104:received: b'12 \r'
greymatter:2015-12-26 17:02:11,523:DEBUG:aobd.elm327:140203723151104:received: b'\r'
greymatter:2015-12-26 17:02:11,524:DEBUG:aobd.elm327:140203723151104:received: b'>'
greymatter:2015-12-26 17:02:11,525:DEBUG:aobd.elm327:140203723151104:sending: b'010C\r\n'
greymatter:2015-12-26 17:02:11,526:DEBUG:aobd.elm327:140203723151104:data sent
greymatter:2015-12-26 17:02:11,683:DEBUG:aobd.elm327:140203723151104:received: b'4'
greymatter:2015-12-26 17:02:11,684:DEBUG:aobd.elm327:140203723151104:received: b'8 6B 11 41 0C 0B A3 '
greymatter:2015-12-26 17:02:11,718:DEBUG:aobd.elm327:140203723151104:received: b'BF \r'
greymatter:2015-12-26 17:02:11,840:DEBUG:aobd.elm327:140203723151104:received: b'\r>'
greymatter:2015-12-26 17:02:11,841:DEBUG:aobd.elm327:140203723151104:sending: b'0111\r\n'
greymatter:2015-12-26 17:02:11,842:DEBUG:aobd.elm327:140203723151104:data sent
greymatter:2015-12-26 17:02:11,995:DEBUG:aobd.elm327:140203723151104:received: b'4'
greymatter:2015-12-26 17:02:11,997:DEBUG:aobd.elm327:140203723151104:received: b'8 6B 11 41 11 19 '
greymatter:2015-12-26 17:02:12,030:DEBUG:aobd.elm327:140203723151104:received: b'2F \r'
greymatter:2015-12-26 17:02:12,111:DEBUG:aobd.elm327:140203723151104:received: b'\r>'
greymatter:2015-12-26 17:02:12,113:DEBUG:aobd.elm327:140203723151104:sending: b'010D\r\n'
greymatter:2015-12-26 17:02:12,113:DEBUG:aobd.elm327:140203723151104:data sent
greymatter:2015-12-26 17:02:12,264:DEBUG:aobd.elm327:140203723151104:received: b'4'
greymatter:2015-12-26 17:02:12,297:DEBUG:aobd.elm327:140203723151104:received: b'8 6B 11 41 0D 00 '
greymatter:2015-12-26 17:02:12,299:DEBUG:aobd.elm327:140203723151104:received: b'12 \r'
greymatter:2015-12-26 17:02:12,402:DEBUG:aobd.elm327:140203723151104:received: b'\r>'
greymatter:2015-12-26 17:02:12,403:DEBUG:aobd.elm327:140203723151104:sending: b'010C\r\n'
greymatter:2015-12-26 17:02:12,403:DEBUG:aobd.elm327:140203723151104:data sent
greymatter:2015-12-26 17:02:12,554:DEBUG:aobd.elm327:140203723151104:received: b'48 '
greymatter:2015-12-26 17:02:12,568:DEBUG:aobd.elm327:140203723151104:received: b'6B 11 41 0C 0B B8 '
greymatter:2015-12-26 17:02:12,602:DEBUG:aobd.elm327:140203723151104:received: b'D4 \r'
greymatter:2015-12-26 17:02:12,681:DEBUG:aobd.elm327:140203723151104:received: b'\r'
greymatter:2015-12-26 17:02:12,682:DEBUG:aobd.elm327:140203723151104:received: b'>'
greymatter:2015-12-26 17:02:12,683:DEBUG:aobd.elm327:140203723151104:sending: b'0111\r\n'
greymatter:2015-12-26 17:02:12,683:DEBUG:aobd.elm327:140203723151104:data sent
greymatter:2015-12-26 17:02:12,857:DEBUG:aobd.elm327:140203723151104:received: b'48'
greymatter:2015-12-26 17:02:12,858:DEBUG:aobd.elm327:140203723151104:received: b' 6B 11 41 11 19 '
greymatter:2015-12-26 17:02:12,892:DEBUG:aobd.elm327:140203723151104:received: b'2F \r'
greymatter:2015-12-26 17:02:12,972:DEBUG:aobd.elm327:140203723151104:received: b'\r'
greymatter:2015-12-26 17:02:12,973:DEBUG:aobd.elm327:140203723151104:received: b'>'
greymatter:2015-12-26 17:02:12,974:DEBUG:aobd.elm327:140203723151104:sending: b'010D\r\n'
greymatter:2015-12-26 17:02:12,974:DEBUG:aobd.elm327:140203723151104:data sent
greymatter:2015-12-26 17:02:13,129:DEBUG:aobd.elm327:140203723151104:received: b'4'
greymatter:2015-12-26 17:02:13,131:DEBUG:aobd.elm327:140203723151104:received: b'8 6B 11 41 0D 00 '
greymatter:2015-12-26 17:02:13,164:DEBUG:aobd.elm327:140203723151104:received: b'12 \r'
greymatter:2015-12-26 17:02:13,260:DEBUG:aobd.elm327:140203723151104:received: b'\r>'
greymatter:2015-12-26 17:02:13,261:DEBUG:aobd.elm327:140203723151104:sending: b'010C\r\n'
greymatter:2015-12-26 17:02:13,262:DEBUG:aobd.elm327:140203723151104:data sent
greymatter:2015-12-26 17:02:13,417:DEBUG:aobd.elm327:140203723151104:received: b'48'
greymatter:2015-12-26 17:02:13,418:DEBUG:aobd.elm327:140203723151104:received: b' 6B 11 41 0C 0B A5 '
greymatter:2015-12-26 17:02:13,451:DEBUG:aobd.elm327:140203723151104:received: b'C1 \r'
greymatter:2015-12-26 17:02:13,533:DEBUG:aobd.elm327:140203723151104:received: b'\r'
greymatter:2015-12-26 17:02:13,538:DEBUG:aobd.elm327:140203723151104:received: b'>'
greymatter:2015-12-26 17:02:13,539:DEBUG:aobd.elm327:140203723151104:sending: b'0111\r\n'
greymatter:2015-12-26 17:02:13,539:DEBUG:aobd.elm327:140203723151104:data sent
greymatter:2015-12-26 17:02:13,692:DEBUG:aobd.elm327:140203723151104:received: b'4'
greymatter:2015-12-26 17:02:13,697:DEBUG:aobd.elm327:140203723151104:received: b'8 6B 11 41 11 19 '
greymatter:2015-12-26 17:02:13,730:DEBUG:aobd.elm327:140203723151104:received: b'2F \r'
greymatter:2015-12-26 17:02:13,808:DEBUG:aobd.elm327:140203723151104:received: b'\r>'
greymatter:2015-12-26 17:02:13,809:DEBUG:aobd.elm327:140203723151104:sending: b'010D\r\n'
greymatter:2015-12-26 17:02:13,809:DEBUG:aobd.elm327:140203723151104:data sent
greymatter:2015-12-26 17:02:13,965:DEBUG:aobd.elm327:140203723151104:received: b'4'
greymatter:2015-12-26 17:02:13,998:DEBUG:aobd.elm327:140203723151104:received: b'8 6B 11 41 0D 00 '
greymatter:2015-12-26 17:02:14,000:DEBUG:aobd.elm327:140203723151104:received: b'12 \r'
greymatter:2015-12-26 17:02:14,082:DEBUG:aobd.elm327:140203723151104:received: b'\r>'
greymatter:2015-12-26 17:02:14,083:DEBUG:aobd.elm327:140203723151104:sending: b'010C\r\n'
greymatter:2015-12-26 17:02:14,084:DEBUG:aobd.elm327:140203723151104:data sent
greymatter:2015-12-26 17:02:14,234:DEBUG:aobd.elm327:140203723151104:received: b'4'
greymatter:2015-12-26 17:02:14,239:DEBUG:aobd.elm327:140203723151104:received: b'8 6B 11 41 0C 0B B3 '
greymatter:2015-12-26 17:02:14,273:DEBUG:aobd.elm327:140203723151104:received: b'CF \r'
greymatter:2015-12-26 17:02:14,350:DEBUG:aobd.elm327:140203723151104:received: b'\r>'
greymatter:2015-12-26 17:02:14,351:DEBUG:aobd.elm327:140203723151104:sending: b'0111\r\n'
greymatter:2015-12-26 17:02:14,352:DEBUG:aobd.elm327:140203723151104:data sent
greymatter:2015-12-26 17:02:14,502:DEBUG:aobd.elm327:140203723151104:sending: b'ATZ\r\n'
greymatter:2015-12-26 17:02:14,502:DEBUG:aobd.elm327:140203723151104:data sent
greymatter:2015-12-26 17:02:14,503:INFO:aobd.elm327:140203723151104:port closed
